{"D:\\Poli\\8vo\\Validacion y verificacion\\parcial2\\AppPizzeriaRPC JS\\app.js": {"path":"D:\\Poli\\8vo\\Validacion y verificacion\\parcial2\\AppPizzeriaRPC JS\\app.js","statementMap":{"0":{"start":{"line":1,"column":16},"end":{"line":1,"column":34}},"1":{"start":{"line":2,"column":19},"end":{"line":2,"column":41}},"2":{"start":{"line":3,"column":16},"end":{"line":3,"column":43}},"3":{"start":{"line":4,"column":15},"end":{"line":4,"column":42}},"4":{"start":{"line":5,"column":23},"end":{"line":5,"column":50}},"5":{"start":{"line":6,"column":13},"end":{"line":6,"column":28}},"6":{"start":{"line":8,"column":12},"end":{"line":8,"column":21}},"7":{"start":{"line":10,"column":0},"end":{"line":10,"column":27}},"8":{"start":{"line":13,"column":0},"end":{"line":13,"column":29}},"9":{"start":{"line":14,"column":0},"end":{"line":14,"column":27}},"10":{"start":{"line":17,"column":0},"end":{"line":17,"column":56}},"11":{"start":{"line":20,"column":0},"end":{"line":22,"column":3}},"12":{"start":{"line":21,"column":4},"end":{"line":21,"column":63}},"13":{"start":{"line":36,"column":0},"end":{"line":36,"column":21}}},"fnMap":{"0":{"name":"(anonymous_0)","decl":{"start":{"line":20,"column":13},"end":{"line":20,"column":14}},"loc":{"start":{"line":20,"column":27},"end":{"line":22,"column":1}},"line":20}},"branchMap":{},"s":{"0":2,"1":2,"2":2,"3":2,"4":2,"5":2,"6":2,"7":2,"8":2,"9":2,"10":2,"11":2,"12":0,"13":2},"f":{"0":0},"b":{},"_coverageSchema":"1a1c01bbd47fc00a2c39e90264f33305004495a9","hash":"fb604fb333736a23c82355cb608ac4071270ac73"}
,"D:\\Poli\\8vo\\Validacion y verificacion\\parcial2\\AppPizzeriaRPC JS\\server.js": {"path":"D:\\Poli\\8vo\\Validacion y verificacion\\parcial2\\AppPizzeriaRPC JS\\server.js","statementMap":{"0":{"start":{"line":1,"column":12},"end":{"line":1,"column":28}},"1":{"start":{"line":2,"column":13},"end":{"line":2,"column":37}},"2":{"start":{"line":7,"column":4},"end":{"line":12,"column":5}},"3":{"start":{"line":8,"column":23},"end":{"line":10,"column":10}},"4":{"start":{"line":9,"column":12},"end":{"line":9,"column":61}},"5":{"start":{"line":11,"column":8},"end":{"line":11,"column":22}},"6":{"start":{"line":16,"column":4},"end":{"line":18,"column":5}},"7":{"start":{"line":17,"column":8},"end":{"line":17,"column":23}},"8":{"start":{"line":22,"column":0},"end":{"line":24,"column":1}},"9":{"start":{"line":23,"column":4},"end":{"line":23,"column":18}},"10":{"start":{"line":27,"column":0},"end":{"line":27,"column":45}}},"fnMap":{"0":{"name":"startServer","decl":{"start":{"line":6,"column":9},"end":{"line":6,"column":20}},"loc":{"start":{"line":6,"column":23},"end":{"line":13,"column":1}},"line":6},"1":{"name":"(anonymous_1)","decl":{"start":{"line":8,"column":40},"end":{"line":8,"column":41}},"loc":{"start":{"line":8,"column":46},"end":{"line":10,"column":9}},"line":8},"2":{"name":"stopServer","decl":{"start":{"line":15,"column":9},"end":{"line":15,"column":19}},"loc":{"start":{"line":15,"column":22},"end":{"line":19,"column":1}},"line":15}},"branchMap":{"0":{"loc":{"start":{"line":2,"column":13},"end":{"line":2,"column":37}},"type":"binary-expr","locations":[{"start":{"line":2,"column":13},"end":{"line":2,"column":29}},{"start":{"line":2,"column":33},"end":{"line":2,"column":37}}],"line":2},"1":{"loc":{"start":{"line":7,"column":4},"end":{"line":12,"column":5}},"type":"if","locations":[{"start":{"line":7,"column":4},"end":{"line":12,"column":5}},{"start":{},"end":{}}],"line":7},"2":{"loc":{"start":{"line":16,"column":4},"end":{"line":18,"column":5}},"type":"if","locations":[{"start":{"line":16,"column":4},"end":{"line":18,"column":5}},{"start":{},"end":{}}],"line":16},"3":{"loc":{"start":{"line":22,"column":0},"end":{"line":24,"column":1}},"type":"if","locations":[{"start":{"line":22,"column":0},"end":{"line":24,"column":1}},{"start":{},"end":{}}],"line":22}},"s":{"0":1,"1":1,"2":1,"3":0,"4":0,"5":0,"6":1,"7":0,"8":1,"9":0,"10":1},"f":{"0":1,"1":0,"2":1},"b":{"0":[1,1],"1":[0,1],"2":[0,1],"3":[0,1]},"_coverageSchema":"1a1c01bbd47fc00a2c39e90264f33305004495a9","hash":"56c56ced5f789ea163e146010f3b8d3dba87a2fe"}
,"D:\\Poli\\8vo\\Validacion y verificacion\\parcial2\\AppPizzeriaRPC JS\\controllers\\ingredientsController.js": {"path":"D:\\Poli\\8vo\\Validacion y verificacion\\parcial2\\AppPizzeriaRPC JS\\controllers\\ingredientsController.js","statementMap":{"0":{"start":{"line":1,"column":11},"end":{"line":1,"column":42}},"1":{"start":{"line":4,"column":25},"end":{"line":32,"column":1}},"2":{"start":{"line":5,"column":44},"end":{"line":5,"column":50}},"3":{"start":{"line":7,"column":4},"end":{"line":7,"column":57}},"4":{"start":{"line":10,"column":4},"end":{"line":31,"column":7}},"5":{"start":{"line":11,"column":8},"end":{"line":14,"column":9}},"6":{"start":{"line":12,"column":12},"end":{"line":12,"column":66}},"7":{"start":{"line":13,"column":12},"end":{"line":13,"column":89}},"8":{"start":{"line":17,"column":8},"end":{"line":20,"column":9}},"9":{"start":{"line":18,"column":12},"end":{"line":18,"column":56}},"10":{"start":{"line":19,"column":12},"end":{"line":19,"column":83}},"11":{"start":{"line":23,"column":8},"end":{"line":30,"column":11}},"12":{"start":{"line":24,"column":12},"end":{"line":27,"column":13}},"13":{"start":{"line":25,"column":16},"end":{"line":25,"column":66}},"14":{"start":{"line":26,"column":16},"end":{"line":26,"column":89}},"15":{"start":{"line":28,"column":12},"end":{"line":28,"column":60}},"16":{"start":{"line":29,"column":12},"end":{"line":29,"column":76}},"17":{"start":{"line":35,"column":23},"end":{"line":55,"column":1}},"18":{"start":{"line":36,"column":19},"end":{"line":36,"column":25}},"19":{"start":{"line":38,"column":4},"end":{"line":38,"column":59}},"20":{"start":{"line":40,"column":4},"end":{"line":54,"column":7}},"21":{"start":{"line":41,"column":8},"end":{"line":44,"column":9}},"22":{"start":{"line":42,"column":12},"end":{"line":42,"column":64}},"23":{"start":{"line":43,"column":12},"end":{"line":43,"column":87}},"24":{"start":{"line":47,"column":8},"end":{"line":50,"column":9}},"25":{"start":{"line":48,"column":12},"end":{"line":48,"column":59}},"26":{"start":{"line":49,"column":12},"end":{"line":49,"column":84}},"27":{"start":{"line":52,"column":8},"end":{"line":52,"column":52}},"28":{"start":{"line":53,"column":8},"end":{"line":53,"column":28}},"29":{"start":{"line":58,"column":25},"end":{"line":72,"column":1}},"30":{"start":{"line":59,"column":48},"end":{"line":59,"column":54}},"31":{"start":{"line":61,"column":4},"end":{"line":61,"column":62}},"32":{"start":{"line":63,"column":4},"end":{"line":71,"column":7}},"33":{"start":{"line":64,"column":8},"end":{"line":67,"column":9}},"34":{"start":{"line":65,"column":12},"end":{"line":65,"column":67}},"35":{"start":{"line":66,"column":12},"end":{"line":66,"column":90}},"36":{"start":{"line":69,"column":8},"end":{"line":69,"column":61}},"37":{"start":{"line":70,"column":8},"end":{"line":70,"column":77}},"38":{"start":{"line":75,"column":25},"end":{"line":89,"column":1}},"39":{"start":{"line":76,"column":19},"end":{"line":76,"column":25}},"40":{"start":{"line":78,"column":4},"end":{"line":78,"column":63}},"41":{"start":{"line":80,"column":4},"end":{"line":88,"column":7}},"42":{"start":{"line":81,"column":8},"end":{"line":84,"column":9}},"43":{"start":{"line":82,"column":12},"end":{"line":82,"column":65}},"44":{"start":{"line":83,"column":12},"end":{"line":83,"column":88}},"45":{"start":{"line":86,"column":8},"end":{"line":86,"column":59}},"46":{"start":{"line":87,"column":8},"end":{"line":87,"column":75}},"47":{"start":{"line":91,"column":0},"end":{"line":96,"column":2}}},"fnMap":{"0":{"name":"(anonymous_0)","decl":{"start":{"line":4,"column":25},"end":{"line":4,"column":26}},"loc":{"start":{"line":4,"column":47},"end":{"line":32,"column":1}},"line":4},"1":{"name":"(anonymous_1)","decl":{"start":{"line":10,"column":63},"end":{"line":10,"column":64}},"loc":{"start":{"line":10,"column":77},"end":{"line":31,"column":5}},"line":10},"2":{"name":"(anonymous_2)","decl":{"start":{"line":23,"column":120},"end":{"line":23,"column":121}},"loc":{"start":{"line":23,"column":129},"end":{"line":30,"column":9}},"line":23},"3":{"name":"(anonymous_3)","decl":{"start":{"line":35,"column":23},"end":{"line":35,"column":24}},"loc":{"start":{"line":35,"column":45},"end":{"line":55,"column":1}},"line":35},"4":{"name":"(anonymous_4)","decl":{"start":{"line":40,"column":59},"end":{"line":40,"column":60}},"loc":{"start":{"line":40,"column":73},"end":{"line":54,"column":5}},"line":40},"5":{"name":"(anonymous_5)","decl":{"start":{"line":58,"column":25},"end":{"line":58,"column":26}},"loc":{"start":{"line":58,"column":47},"end":{"line":72,"column":1}},"line":58},"6":{"name":"(anonymous_6)","decl":{"start":{"line":63,"column":125},"end":{"line":63,"column":126}},"loc":{"start":{"line":63,"column":134},"end":{"line":71,"column":5}},"line":63},"7":{"name":"(anonymous_7)","decl":{"start":{"line":75,"column":25},"end":{"line":75,"column":26}},"loc":{"start":{"line":75,"column":47},"end":{"line":89,"column":1}},"line":75},"8":{"name":"(anonymous_8)","decl":{"start":{"line":80,"column":57},"end":{"line":80,"column":58}},"loc":{"start":{"line":80,"column":66},"end":{"line":88,"column":5}},"line":80}},"branchMap":{"0":{"loc":{"start":{"line":11,"column":8},"end":{"line":14,"column":9}},"type":"if","locations":[{"start":{"line":11,"column":8},"end":{"line":14,"column":9}},{"start":{},"end":{}}],"line":11},"1":{"loc":{"start":{"line":17,"column":8},"end":{"line":20,"column":9}},"type":"if","locations":[{"start":{"line":17,"column":8},"end":{"line":20,"column":9}},{"start":{},"end":{}}],"line":17},"2":{"loc":{"start":{"line":24,"column":12},"end":{"line":27,"column":13}},"type":"if","locations":[{"start":{"line":24,"column":12},"end":{"line":27,"column":13}},{"start":{},"end":{}}],"line":24},"3":{"loc":{"start":{"line":41,"column":8},"end":{"line":44,"column":9}},"type":"if","locations":[{"start":{"line":41,"column":8},"end":{"line":44,"column":9}},{"start":{},"end":{}}],"line":41},"4":{"loc":{"start":{"line":47,"column":8},"end":{"line":50,"column":9}},"type":"if","locations":[{"start":{"line":47,"column":8},"end":{"line":50,"column":9}},{"start":{},"end":{}}],"line":47},"5":{"loc":{"start":{"line":64,"column":8},"end":{"line":67,"column":9}},"type":"if","locations":[{"start":{"line":64,"column":8},"end":{"line":67,"column":9}},{"start":{},"end":{}}],"line":64},"6":{"loc":{"start":{"line":81,"column":8},"end":{"line":84,"column":9}},"type":"if","locations":[{"start":{"line":81,"column":8},"end":{"line":84,"column":9}},{"start":{},"end":{}}],"line":81}},"s":{"0":4,"1":4,"2":6,"3":6,"4":6,"5":6,"6":1,"7":1,"8":5,"9":2,"10":2,"11":3,"12":3,"13":1,"14":1,"15":2,"16":2,"17":4,"18":4,"19":4,"20":4,"21":4,"22":1,"23":1,"24":3,"25":1,"26":1,"27":2,"28":2,"29":4,"30":2,"31":2,"32":2,"33":2,"34":1,"35":1,"36":1,"37":1,"38":4,"39":2,"40":2,"41":2,"42":2,"43":1,"44":1,"45":1,"46":1,"47":4},"f":{"0":6,"1":6,"2":3,"3":4,"4":4,"5":2,"6":2,"7":2,"8":2},"b":{"0":[1,5],"1":[2,3],"2":[1,2],"3":[1,3],"4":[1,2],"5":[1,1],"6":[1,1]},"_coverageSchema":"1a1c01bbd47fc00a2c39e90264f33305004495a9","hash":"d32f2f297facd952ed4bb01d2c9b4e01348e08bb"}
,"D:\\Poli\\8vo\\Validacion y verificacion\\parcial2\\AppPizzeriaRPC JS\\controllers\\userController.js": {"path":"D:\\Poli\\8vo\\Validacion y verificacion\\parcial2\\AppPizzeriaRPC JS\\controllers\\userController.js","statementMap":{"0":{"start":{"line":1,"column":11},"end":{"line":1,"column":42}},"1":{"start":{"line":4,"column":19},"end":{"line":23,"column":1}},"2":{"start":{"line":5,"column":41},"end":{"line":5,"column":47}},"3":{"start":{"line":8,"column":4},"end":{"line":22,"column":7}},"4":{"start":{"line":9,"column":8},"end":{"line":11,"column":9}},"5":{"start":{"line":10,"column":12},"end":{"line":10,"column":85}},"6":{"start":{"line":14,"column":8},"end":{"line":16,"column":9}},"7":{"start":{"line":15,"column":12},"end":{"line":15,"column":79}},"8":{"start":{"line":19,"column":8},"end":{"line":21,"column":11}},"9":{"start":{"line":20,"column":12},"end":{"line":20,"column":72}},"10":{"start":{"line":26,"column":14},"end":{"line":42,"column":1}},"11":{"start":{"line":27,"column":35},"end":{"line":27,"column":41}},"12":{"start":{"line":29,"column":4},"end":{"line":41,"column":7}},"13":{"start":{"line":30,"column":8},"end":{"line":32,"column":9}},"14":{"start":{"line":31,"column":12},"end":{"line":31,"column":80}},"15":{"start":{"line":35,"column":8},"end":{"line":37,"column":9}},"16":{"start":{"line":36,"column":12},"end":{"line":36,"column":80}},"17":{"start":{"line":40,"column":8},"end":{"line":40,"column":64}},"18":{"start":{"line":47,"column":19},"end":{"line":57,"column":1}},"19":{"start":{"line":48,"column":39},"end":{"line":48,"column":45}},"20":{"start":{"line":50,"column":4},"end":{"line":56,"column":7}},"21":{"start":{"line":51,"column":8},"end":{"line":53,"column":9}},"22":{"start":{"line":52,"column":12},"end":{"line":52,"column":86}},"23":{"start":{"line":55,"column":8},"end":{"line":55,"column":73}},"24":{"start":{"line":60,"column":19},"end":{"line":70,"column":1}},"25":{"start":{"line":61,"column":19},"end":{"line":61,"column":25}},"26":{"start":{"line":63,"column":4},"end":{"line":69,"column":7}},"27":{"start":{"line":64,"column":8},"end":{"line":66,"column":9}},"28":{"start":{"line":65,"column":12},"end":{"line":65,"column":84}},"29":{"start":{"line":68,"column":8},"end":{"line":68,"column":71}},"30":{"start":{"line":72,"column":0},"end":{"line":77,"column":2}}},"fnMap":{"0":{"name":"(anonymous_0)","decl":{"start":{"line":4,"column":19},"end":{"line":4,"column":20}},"loc":{"start":{"line":4,"column":41},"end":{"line":23,"column":1}},"line":4},"1":{"name":"(anonymous_1)","decl":{"start":{"line":8,"column":65},"end":{"line":8,"column":66}},"loc":{"start":{"line":8,"column":79},"end":{"line":22,"column":5}},"line":8},"2":{"name":"(anonymous_2)","decl":{"start":{"line":19,"column":108},"end":{"line":19,"column":109}},"loc":{"start":{"line":19,"column":117},"end":{"line":21,"column":9}},"line":19},"3":{"name":"(anonymous_3)","decl":{"start":{"line":26,"column":14},"end":{"line":26,"column":15}},"loc":{"start":{"line":26,"column":36},"end":{"line":42,"column":1}},"line":26},"4":{"name":"(anonymous_4)","decl":{"start":{"line":29,"column":65},"end":{"line":29,"column":66}},"loc":{"start":{"line":29,"column":79},"end":{"line":41,"column":5}},"line":29},"5":{"name":"(anonymous_5)","decl":{"start":{"line":47,"column":19},"end":{"line":47,"column":20}},"loc":{"start":{"line":47,"column":41},"end":{"line":57,"column":1}},"line":47},"6":{"name":"(anonymous_6)","decl":{"start":{"line":50,"column":97},"end":{"line":50,"column":98}},"loc":{"start":{"line":50,"column":106},"end":{"line":56,"column":5}},"line":50},"7":{"name":"(anonymous_7)","decl":{"start":{"line":60,"column":19},"end":{"line":60,"column":20}},"loc":{"start":{"line":60,"column":41},"end":{"line":70,"column":1}},"line":60},"8":{"name":"(anonymous_8)","decl":{"start":{"line":63,"column":51},"end":{"line":63,"column":52}},"loc":{"start":{"line":63,"column":60},"end":{"line":69,"column":5}},"line":63}},"branchMap":{"0":{"loc":{"start":{"line":9,"column":8},"end":{"line":11,"column":9}},"type":"if","locations":[{"start":{"line":9,"column":8},"end":{"line":11,"column":9}},{"start":{},"end":{}}],"line":9},"1":{"loc":{"start":{"line":14,"column":8},"end":{"line":16,"column":9}},"type":"if","locations":[{"start":{"line":14,"column":8},"end":{"line":16,"column":9}},{"start":{},"end":{}}],"line":14},"2":{"loc":{"start":{"line":30,"column":8},"end":{"line":32,"column":9}},"type":"if","locations":[{"start":{"line":30,"column":8},"end":{"line":32,"column":9}},{"start":{},"end":{}}],"line":30},"3":{"loc":{"start":{"line":35,"column":8},"end":{"line":37,"column":9}},"type":"if","locations":[{"start":{"line":35,"column":8},"end":{"line":37,"column":9}},{"start":{},"end":{}}],"line":35},"4":{"loc":{"start":{"line":51,"column":8},"end":{"line":53,"column":9}},"type":"if","locations":[{"start":{"line":51,"column":8},"end":{"line":53,"column":9}},{"start":{},"end":{}}],"line":51},"5":{"loc":{"start":{"line":64,"column":8},"end":{"line":66,"column":9}},"type":"if","locations":[{"start":{"line":64,"column":8},"end":{"line":66,"column":9}},{"start":{},"end":{}}],"line":64}},"s":{"0":4,"1":4,"2":4,"3":4,"4":4,"5":1,"6":3,"7":2,"8":1,"9":1,"10":4,"11":3,"12":3,"13":3,"14":1,"15":2,"16":1,"17":1,"18":4,"19":3,"20":3,"21":3,"22":1,"23":2,"24":4,"25":3,"26":3,"27":3,"28":1,"29":2,"30":4},"f":{"0":4,"1":4,"2":1,"3":3,"4":3,"5":3,"6":3,"7":3,"8":3},"b":{"0":[1,3],"1":[2,1],"2":[1,2],"3":[1,1],"4":[1,2],"5":[1,2]},"_coverageSchema":"1a1c01bbd47fc00a2c39e90264f33305004495a9","hash":"318444fcd13e8827b0eae02b36c824f6f83e1fc3"}
,"D:\\Poli\\8vo\\Validacion y verificacion\\parcial2\\AppPizzeriaRPC JS\\database\\database.js": {"path":"D:\\Poli\\8vo\\Validacion y verificacion\\parcial2\\AppPizzeriaRPC JS\\database\\database.js","statementMap":{"0":{"start":{"line":1,"column":16},"end":{"line":1,"column":44}},"1":{"start":{"line":2,"column":11},"end":{"line":2,"column":57}},"2":{"start":{"line":4,"column":0},"end":{"line":22,"column":3}},"3":{"start":{"line":5,"column":4},"end":{"line":12,"column":7}},"4":{"start":{"line":14,"column":4},"end":{"line":21,"column":7}},"5":{"start":{"line":24,"column":0},"end":{"line":24,"column":20}}},"fnMap":{"0":{"name":"(anonymous_0)","decl":{"start":{"line":4,"column":13},"end":{"line":4,"column":14}},"loc":{"start":{"line":4,"column":19},"end":{"line":22,"column":1}},"line":4}},"branchMap":{},"s":{"0":6,"1":6,"2":6,"3":6,"4":6,"5":6},"f":{"0":6},"b":{},"_coverageSchema":"1a1c01bbd47fc00a2c39e90264f33305004495a9","hash":"b8df2393cef615a274cc2ff6b665610af3af8903"}
,"D:\\Poli\\8vo\\Validacion y verificacion\\parcial2\\AppPizzeriaRPC JS\\models\\User.js": {"path":"D:\\Poli\\8vo\\Validacion y verificacion\\parcial2\\AppPizzeriaRPC JS\\models\\User.js","statementMap":{"0":{"start":{"line":1,"column":11},"end":{"line":1,"column":42}},"1":{"start":{"line":3,"column":27},"end":{"line":10,"column":1}},"2":{"start":{"line":4,"column":4},"end":{"line":9,"column":7}},"3":{"start":{"line":5,"column":8},"end":{"line":7,"column":9}},"4":{"start":{"line":6,"column":12},"end":{"line":6,"column":33}},"5":{"start":{"line":8,"column":8},"end":{"line":8,"column":28}},"6":{"start":{"line":12,"column":21},"end":{"line":19,"column":1}},"7":{"start":{"line":13,"column":4},"end":{"line":18,"column":7}},"8":{"start":{"line":14,"column":8},"end":{"line":16,"column":9}},"9":{"start":{"line":15,"column":12},"end":{"line":15,"column":33}},"10":{"start":{"line":17,"column":8},"end":{"line":17,"column":28}},"11":{"start":{"line":21,"column":19},"end":{"line":28,"column":1}},"12":{"start":{"line":22,"column":4},"end":{"line":27,"column":7}},"13":{"start":{"line":23,"column":8},"end":{"line":25,"column":9}},"14":{"start":{"line":24,"column":12},"end":{"line":24,"column":33}},"15":{"start":{"line":26,"column":8},"end":{"line":26,"column":36}},"16":{"start":{"line":30,"column":19},"end":{"line":37,"column":1}},"17":{"start":{"line":31,"column":4},"end":{"line":36,"column":7}},"18":{"start":{"line":32,"column":8},"end":{"line":34,"column":9}},"19":{"start":{"line":33,"column":12},"end":{"line":33,"column":33}},"20":{"start":{"line":35,"column":8},"end":{"line":35,"column":23}},"21":{"start":{"line":39,"column":19},"end":{"line":57,"column":1}},"22":{"start":{"line":40,"column":17},"end":{"line":40,"column":19}},"23":{"start":{"line":42,"column":4},"end":{"line":56,"column":7}},"24":{"start":{"line":43,"column":8},"end":{"line":45,"column":9}},"25":{"start":{"line":44,"column":12},"end":{"line":44,"column":33}},"26":{"start":{"line":46,"column":8},"end":{"line":46,"column":27}},"27":{"start":{"line":48,"column":8},"end":{"line":55,"column":11}},"28":{"start":{"line":49,"column":12},"end":{"line":51,"column":13}},"29":{"start":{"line":50,"column":16},"end":{"line":50,"column":37}},"30":{"start":{"line":52,"column":12},"end":{"line":52,"column":43}},"31":{"start":{"line":54,"column":12},"end":{"line":54,"column":33}},"32":{"start":{"line":59,"column":0},"end":{"line":59,"column":90}}},"fnMap":{"0":{"name":"(anonymous_0)","decl":{"start":{"line":3,"column":27},"end":{"line":3,"column":28}},"loc":{"start":{"line":3,"column":51},"end":{"line":10,"column":1}},"line":3},"1":{"name":"(anonymous_1)","decl":{"start":{"line":4,"column":65},"end":{"line":4,"column":66}},"loc":{"start":{"line":4,"column":79},"end":{"line":9,"column":5}},"line":4},"2":{"name":"(anonymous_2)","decl":{"start":{"line":12,"column":21},"end":{"line":12,"column":22}},"loc":{"start":{"line":12,"column":39},"end":{"line":19,"column":1}},"line":12},"3":{"name":"(anonymous_3)","decl":{"start":{"line":13,"column":53},"end":{"line":13,"column":54}},"loc":{"start":{"line":13,"column":67},"end":{"line":18,"column":5}},"line":13},"4":{"name":"(anonymous_4)","decl":{"start":{"line":21,"column":19},"end":{"line":21,"column":20}},"loc":{"start":{"line":21,"column":59},"end":{"line":28,"column":1}},"line":21},"5":{"name":"(anonymous_5)","decl":{"start":{"line":22,"column":104},"end":{"line":22,"column":105}},"loc":{"start":{"line":22,"column":119},"end":{"line":27,"column":5}},"line":22},"6":{"name":"(anonymous_6)","decl":{"start":{"line":30,"column":19},"end":{"line":30,"column":20}},"loc":{"start":{"line":30,"column":57},"end":{"line":37,"column":1}},"line":30},"7":{"name":"(anonymous_7)","decl":{"start":{"line":31,"column":97},"end":{"line":31,"column":98}},"loc":{"start":{"line":31,"column":112},"end":{"line":36,"column":5}},"line":31},"8":{"name":"(anonymous_8)","decl":{"start":{"line":39,"column":19},"end":{"line":39,"column":20}},"loc":{"start":{"line":39,"column":33},"end":{"line":57,"column":1}},"line":39},"9":{"name":"(anonymous_9)","decl":{"start":{"line":42,"column":34},"end":{"line":42,"column":35}},"loc":{"start":{"line":42,"column":50},"end":{"line":56,"column":5}},"line":42},"10":{"name":"(anonymous_10)","decl":{"start":{"line":48,"column":44},"end":{"line":48,"column":45}},"loc":{"start":{"line":48,"column":66},"end":{"line":55,"column":9}},"line":48}},"branchMap":{"0":{"loc":{"start":{"line":5,"column":8},"end":{"line":7,"column":9}},"type":"if","locations":[{"start":{"line":5,"column":8},"end":{"line":7,"column":9}},{"start":{},"end":{}}],"line":5},"1":{"loc":{"start":{"line":14,"column":8},"end":{"line":16,"column":9}},"type":"if","locations":[{"start":{"line":14,"column":8},"end":{"line":16,"column":9}},{"start":{},"end":{}}],"line":14},"2":{"loc":{"start":{"line":23,"column":8},"end":{"line":25,"column":9}},"type":"if","locations":[{"start":{"line":23,"column":8},"end":{"line":25,"column":9}},{"start":{},"end":{}}],"line":23},"3":{"loc":{"start":{"line":32,"column":8},"end":{"line":34,"column":9}},"type":"if","locations":[{"start":{"line":32,"column":8},"end":{"line":34,"column":9}},{"start":{},"end":{}}],"line":32},"4":{"loc":{"start":{"line":43,"column":8},"end":{"line":45,"column":9}},"type":"if","locations":[{"start":{"line":43,"column":8},"end":{"line":45,"column":9}},{"start":{},"end":{}}],"line":43},"5":{"loc":{"start":{"line":49,"column":12},"end":{"line":51,"column":13}},"type":"if","locations":[{"start":{"line":49,"column":12},"end":{"line":51,"column":13}},{"start":{},"end":{}}],"line":49}},"s":{"0":3,"1":3,"2":3,"3":3,"4":1,"5":2,"6":3,"7":3,"8":3,"9":1,"10":2,"11":3,"12":3,"13":3,"14":2,"15":1,"16":3,"17":2,"18":2,"19":1,"20":1,"21":3,"22":3,"23":3,"24":3,"25":1,"26":2,"27":2,"28":2,"29":1,"30":1,"31":1,"32":3},"f":{"0":3,"1":3,"2":3,"3":3,"4":3,"5":3,"6":2,"7":2,"8":3,"9":3,"10":2},"b":{"0":[1,2],"1":[1,2],"2":[2,1],"3":[1,1],"4":[1,2],"5":[1,1]},"_coverageSchema":"1a1c01bbd47fc00a2c39e90264f33305004495a9","hash":"278ce075ee678db1458560e8d78e6b2d6bdf97e7"}
,"D:\\Poli\\8vo\\Validacion y verificacion\\parcial2\\AppPizzeriaRPC JS\\rpc\\rpcIngr.js": {"path":"D:\\Poli\\8vo\\Validacion y verificacion\\parcial2\\AppPizzeriaRPC JS\\rpc\\rpcIngr.js","statementMap":{"0":{"start":{"line":1,"column":19},"end":{"line":1,"column":37}},"1":{"start":{"line":2,"column":26},"end":{"line":2,"column":49}},"2":{"start":{"line":3,"column":29},"end":{"line":3,"column":76}},"3":{"start":{"line":5,"column":15},"end":{"line":5,"column":34}},"4":{"start":{"line":7,"column":0},"end":{"line":16,"column":3}},"5":{"start":{"line":8,"column":4},"end":{"line":15,"column":7}},"6":{"start":{"line":9,"column":8},"end":{"line":14,"column":11}},"7":{"start":{"line":10,"column":12},"end":{"line":12,"column":13}},"8":{"start":{"line":11,"column":16},"end":{"line":11,"column":72}},"9":{"start":{"line":13,"column":12},"end":{"line":13,"column":28}},"10":{"start":{"line":18,"column":0},"end":{"line":27,"column":3}},"11":{"start":{"line":19,"column":4},"end":{"line":26,"column":7}},"12":{"start":{"line":20,"column":8},"end":{"line":25,"column":11}},"13":{"start":{"line":21,"column":12},"end":{"line":23,"column":13}},"14":{"start":{"line":22,"column":16},"end":{"line":22,"column":72}},"15":{"start":{"line":24,"column":12},"end":{"line":24,"column":28}},"16":{"start":{"line":29,"column":0},"end":{"line":38,"column":3}},"17":{"start":{"line":30,"column":4},"end":{"line":37,"column":7}},"18":{"start":{"line":31,"column":8},"end":{"line":36,"column":11}},"19":{"start":{"line":32,"column":12},"end":{"line":34,"column":13}},"20":{"start":{"line":33,"column":16},"end":{"line":33,"column":72}},"21":{"start":{"line":35,"column":12},"end":{"line":35,"column":28}},"22":{"start":{"line":40,"column":0},"end":{"line":49,"column":3}},"23":{"start":{"line":41,"column":4},"end":{"line":48,"column":7}},"24":{"start":{"line":42,"column":8},"end":{"line":47,"column":11}},"25":{"start":{"line":43,"column":12},"end":{"line":45,"column":13}},"26":{"start":{"line":44,"column":16},"end":{"line":44,"column":72}},"27":{"start":{"line":46,"column":12},"end":{"line":46,"column":28}},"28":{"start":{"line":51,"column":15},"end":{"line":51,"column":23}},"29":{"start":{"line":52,"column":0},"end":{"line":61,"column":3}},"30":{"start":{"line":53,"column":27},"end":{"line":53,"column":35}},"31":{"start":{"line":54,"column":4},"end":{"line":60,"column":7}},"32":{"start":{"line":55,"column":8},"end":{"line":59,"column":9}},"33":{"start":{"line":56,"column":12},"end":{"line":56,"column":38}},"34":{"start":{"line":58,"column":12},"end":{"line":58,"column":32}},"35":{"start":{"line":63,"column":0},"end":{"line":63,"column":24}}},"fnMap":{"0":{"name":"(anonymous_0)","decl":{"start":{"line":7,"column":37},"end":{"line":7,"column":38}},"loc":{"start":{"line":7,"column":49},"end":{"line":16,"column":1}},"line":7},"1":{"name":"(anonymous_1)","decl":{"start":{"line":8,"column":23},"end":{"line":8,"column":24}},"loc":{"start":{"line":8,"column":44},"end":{"line":15,"column":5}},"line":8},"2":{"name":"(anonymous_2)","decl":{"start":{"line":9,"column":54},"end":{"line":9,"column":55}},"loc":{"start":{"line":9,"column":71},"end":{"line":14,"column":9}},"line":9},"3":{"name":"(anonymous_3)","decl":{"start":{"line":18,"column":35},"end":{"line":18,"column":36}},"loc":{"start":{"line":18,"column":47},"end":{"line":27,"column":1}},"line":18},"4":{"name":"(anonymous_4)","decl":{"start":{"line":19,"column":23},"end":{"line":19,"column":24}},"loc":{"start":{"line":19,"column":44},"end":{"line":26,"column":5}},"line":19},"5":{"name":"(anonymous_5)","decl":{"start":{"line":20,"column":52},"end":{"line":20,"column":53}},"loc":{"start":{"line":20,"column":69},"end":{"line":25,"column":9}},"line":20},"6":{"name":"(anonymous_6)","decl":{"start":{"line":29,"column":37},"end":{"line":29,"column":38}},"loc":{"start":{"line":29,"column":49},"end":{"line":38,"column":1}},"line":29},"7":{"name":"(anonymous_7)","decl":{"start":{"line":30,"column":23},"end":{"line":30,"column":24}},"loc":{"start":{"line":30,"column":44},"end":{"line":37,"column":5}},"line":30},"8":{"name":"(anonymous_8)","decl":{"start":{"line":31,"column":54},"end":{"line":31,"column":55}},"loc":{"start":{"line":31,"column":71},"end":{"line":36,"column":9}},"line":31},"9":{"name":"(anonymous_9)","decl":{"start":{"line":40,"column":37},"end":{"line":40,"column":38}},"loc":{"start":{"line":40,"column":49},"end":{"line":49,"column":1}},"line":40},"10":{"name":"(anonymous_10)","decl":{"start":{"line":41,"column":23},"end":{"line":41,"column":24}},"loc":{"start":{"line":41,"column":44},"end":{"line":48,"column":5}},"line":41},"11":{"name":"(anonymous_11)","decl":{"start":{"line":42,"column":54},"end":{"line":42,"column":55}},"loc":{"start":{"line":42,"column":71},"end":{"line":47,"column":9}},"line":42},"12":{"name":"(anonymous_12)","decl":{"start":{"line":52,"column":11},"end":{"line":52,"column":12}},"loc":{"start":{"line":52,"column":25},"end":{"line":61,"column":1}},"line":52},"13":{"name":"(anonymous_13)","decl":{"start":{"line":54,"column":40},"end":{"line":54,"column":41}},"loc":{"start":{"line":54,"column":61},"end":{"line":60,"column":5}},"line":54}},"branchMap":{"0":{"loc":{"start":{"line":10,"column":12},"end":{"line":12,"column":13}},"type":"if","locations":[{"start":{"line":10,"column":12},"end":{"line":12,"column":13}},{"start":{},"end":{}}],"line":10},"1":{"loc":{"start":{"line":21,"column":12},"end":{"line":23,"column":13}},"type":"if","locations":[{"start":{"line":21,"column":12},"end":{"line":23,"column":13}},{"start":{},"end":{}}],"line":21},"2":{"loc":{"start":{"line":32,"column":12},"end":{"line":34,"column":13}},"type":"if","locations":[{"start":{"line":32,"column":12},"end":{"line":34,"column":13}},{"start":{},"end":{}}],"line":32},"3":{"loc":{"start":{"line":43,"column":12},"end":{"line":45,"column":13}},"type":"if","locations":[{"start":{"line":43,"column":12},"end":{"line":45,"column":13}},{"start":{},"end":{}}],"line":43},"4":{"loc":{"start":{"line":55,"column":8},"end":{"line":59,"column":9}},"type":"if","locations":[{"start":{"line":55,"column":8},"end":{"line":59,"column":9}},{"start":{"line":57,"column":15},"end":{"line":59,"column":9}}],"line":55}},"s":{"0":3,"1":3,"2":3,"3":3,"4":3,"5":1,"6":1,"7":1,"8":1,"9":0,"10":3,"11":2,"12":2,"13":2,"14":1,"15":1,"16":3,"17":2,"18":2,"19":2,"20":1,"21":1,"22":3,"23":2,"24":2,"25":2,"26":1,"27":1,"28":3,"29":3,"30":7,"31":7,"32":7,"33":7,"34":0,"35":3},"f":{"0":1,"1":1,"2":1,"3":2,"4":2,"5":2,"6":2,"7":2,"8":2,"9":2,"10":2,"11":2,"12":7,"13":7},"b":{"0":[1,0],"1":[1,1],"2":[1,1],"3":[1,1],"4":[7,0]},"_coverageSchema":"1a1c01bbd47fc00a2c39e90264f33305004495a9","hash":"226f6f93f944bd020aa63d5e52dfe5ff7c46d94c"}
,"D:\\Poli\\8vo\\Validacion y verificacion\\parcial2\\AppPizzeriaRPC JS\\rpc\\rpcUser.js": {"path":"D:\\Poli\\8vo\\Validacion y verificacion\\parcial2\\AppPizzeriaRPC JS\\rpc\\rpcUser.js","statementMap":{"0":{"start":{"line":1,"column":19},"end":{"line":1,"column":37}},"1":{"start":{"line":2,"column":26},"end":{"line":2,"column":49}},"2":{"start":{"line":3,"column":23},"end":{"line":3,"column":63}},"3":{"start":{"line":5,"column":15},"end":{"line":5,"column":34}},"4":{"start":{"line":7,"column":0},"end":{"line":16,"column":3}},"5":{"start":{"line":8,"column":4},"end":{"line":15,"column":7}},"6":{"start":{"line":9,"column":8},"end":{"line":14,"column":11}},"7":{"start":{"line":10,"column":12},"end":{"line":12,"column":13}},"8":{"start":{"line":11,"column":16},"end":{"line":11,"column":72}},"9":{"start":{"line":13,"column":12},"end":{"line":13,"column":28}},"10":{"start":{"line":18,"column":0},"end":{"line":27,"column":3}},"11":{"start":{"line":19,"column":4},"end":{"line":26,"column":7}},"12":{"start":{"line":20,"column":8},"end":{"line":25,"column":11}},"13":{"start":{"line":21,"column":12},"end":{"line":23,"column":13}},"14":{"start":{"line":22,"column":16},"end":{"line":22,"column":65}},"15":{"start":{"line":24,"column":12},"end":{"line":24,"column":28}},"16":{"start":{"line":30,"column":0},"end":{"line":39,"column":3}},"17":{"start":{"line":31,"column":4},"end":{"line":38,"column":7}},"18":{"start":{"line":32,"column":8},"end":{"line":37,"column":11}},"19":{"start":{"line":33,"column":12},"end":{"line":35,"column":13}},"20":{"start":{"line":34,"column":16},"end":{"line":34,"column":72}},"21":{"start":{"line":36,"column":12},"end":{"line":36,"column":28}},"22":{"start":{"line":41,"column":0},"end":{"line":50,"column":3}},"23":{"start":{"line":42,"column":4},"end":{"line":49,"column":7}},"24":{"start":{"line":43,"column":8},"end":{"line":48,"column":11}},"25":{"start":{"line":44,"column":12},"end":{"line":46,"column":13}},"26":{"start":{"line":45,"column":16},"end":{"line":45,"column":72}},"27":{"start":{"line":47,"column":12},"end":{"line":47,"column":28}},"28":{"start":{"line":52,"column":15},"end":{"line":52,"column":23}},"29":{"start":{"line":53,"column":0},"end":{"line":62,"column":3}},"30":{"start":{"line":54,"column":27},"end":{"line":54,"column":35}},"31":{"start":{"line":55,"column":4},"end":{"line":61,"column":7}},"32":{"start":{"line":56,"column":8},"end":{"line":60,"column":9}},"33":{"start":{"line":57,"column":12},"end":{"line":57,"column":38}},"34":{"start":{"line":59,"column":12},"end":{"line":59,"column":32}},"35":{"start":{"line":64,"column":0},"end":{"line":64,"column":24}}},"fnMap":{"0":{"name":"(anonymous_0)","decl":{"start":{"line":7,"column":31},"end":{"line":7,"column":32}},"loc":{"start":{"line":7,"column":43},"end":{"line":16,"column":1}},"line":7},"1":{"name":"(anonymous_1)","decl":{"start":{"line":8,"column":23},"end":{"line":8,"column":24}},"loc":{"start":{"line":8,"column":44},"end":{"line":15,"column":5}},"line":8},"2":{"name":"(anonymous_2)","decl":{"start":{"line":9,"column":42},"end":{"line":9,"column":43}},"loc":{"start":{"line":9,"column":59},"end":{"line":14,"column":9}},"line":9},"3":{"name":"(anonymous_3)","decl":{"start":{"line":18,"column":26},"end":{"line":18,"column":27}},"loc":{"start":{"line":18,"column":38},"end":{"line":27,"column":1}},"line":18},"4":{"name":"(anonymous_4)","decl":{"start":{"line":19,"column":23},"end":{"line":19,"column":24}},"loc":{"start":{"line":19,"column":44},"end":{"line":26,"column":5}},"line":19},"5":{"name":"(anonymous_5)","decl":{"start":{"line":20,"column":37},"end":{"line":20,"column":38}},"loc":{"start":{"line":20,"column":54},"end":{"line":25,"column":9}},"line":20},"6":{"name":"(anonymous_6)","decl":{"start":{"line":30,"column":31},"end":{"line":30,"column":32}},"loc":{"start":{"line":30,"column":43},"end":{"line":39,"column":1}},"line":30},"7":{"name":"(anonymous_7)","decl":{"start":{"line":31,"column":23},"end":{"line":31,"column":24}},"loc":{"start":{"line":31,"column":44},"end":{"line":38,"column":5}},"line":31},"8":{"name":"(anonymous_8)","decl":{"start":{"line":32,"column":42},"end":{"line":32,"column":43}},"loc":{"start":{"line":32,"column":59},"end":{"line":37,"column":9}},"line":32},"9":{"name":"(anonymous_9)","decl":{"start":{"line":41,"column":31},"end":{"line":41,"column":32}},"loc":{"start":{"line":41,"column":43},"end":{"line":50,"column":1}},"line":41},"10":{"name":"(anonymous_10)","decl":{"start":{"line":42,"column":23},"end":{"line":42,"column":24}},"loc":{"start":{"line":42,"column":44},"end":{"line":49,"column":5}},"line":42},"11":{"name":"(anonymous_11)","decl":{"start":{"line":43,"column":42},"end":{"line":43,"column":43}},"loc":{"start":{"line":43,"column":59},"end":{"line":48,"column":9}},"line":43},"12":{"name":"(anonymous_12)","decl":{"start":{"line":53,"column":11},"end":{"line":53,"column":12}},"loc":{"start":{"line":53,"column":25},"end":{"line":62,"column":1}},"line":53},"13":{"name":"(anonymous_13)","decl":{"start":{"line":55,"column":40},"end":{"line":55,"column":41}},"loc":{"start":{"line":55,"column":61},"end":{"line":61,"column":5}},"line":55}},"branchMap":{"0":{"loc":{"start":{"line":10,"column":12},"end":{"line":12,"column":13}},"type":"if","locations":[{"start":{"line":10,"column":12},"end":{"line":12,"column":13}},{"start":{},"end":{}}],"line":10},"1":{"loc":{"start":{"line":21,"column":12},"end":{"line":23,"column":13}},"type":"if","locations":[{"start":{"line":21,"column":12},"end":{"line":23,"column":13}},{"start":{},"end":{}}],"line":21},"2":{"loc":{"start":{"line":33,"column":12},"end":{"line":35,"column":13}},"type":"if","locations":[{"start":{"line":33,"column":12},"end":{"line":35,"column":13}},{"start":{},"end":{}}],"line":33},"3":{"loc":{"start":{"line":44,"column":12},"end":{"line":46,"column":13}},"type":"if","locations":[{"start":{"line":44,"column":12},"end":{"line":46,"column":13}},{"start":{},"end":{}}],"line":44},"4":{"loc":{"start":{"line":56,"column":8},"end":{"line":60,"column":9}},"type":"if","locations":[{"start":{"line":56,"column":8},"end":{"line":60,"column":9}},{"start":{"line":58,"column":15},"end":{"line":60,"column":9}}],"line":56}},"s":{"0":3,"1":3,"2":3,"3":3,"4":3,"5":2,"6":2,"7":2,"8":1,"9":1,"10":3,"11":1,"12":1,"13":1,"14":1,"15":1,"16":3,"17":1,"18":1,"19":1,"20":0,"21":1,"22":3,"23":2,"24":2,"25":2,"26":1,"27":1,"28":3,"29":3,"30":6,"31":6,"32":6,"33":6,"34":0,"35":3},"f":{"0":2,"1":2,"2":2,"3":1,"4":1,"5":1,"6":1,"7":1,"8":1,"9":2,"10":2,"11":2,"12":6,"13":6},"b":{"0":[1,1],"1":[1,0],"2":[0,1],"3":[1,1],"4":[6,0]},"_coverageSchema":"1a1c01bbd47fc00a2c39e90264f33305004495a9","hash":"65f2bc57562569e0b1008a34c27b6a38b5aa2705"}
}
