TN:
SF:controllers\userController.js
FN:4,(anonymous_0)
FN:8,(anonymous_1)
FN:19,(anonymous_2)
FN:26,(anonymous_3)
FN:29,(anonymous_4)
FN:47,(anonymous_5)
FN:50,(anonymous_6)
FN:60,(anonymous_7)
FN:63,(anonymous_8)
FNF:9
FNH:9
FNDA:4,(anonymous_0)
FNDA:4,(anonymous_1)
FNDA:2,(anonymous_2)
FNDA:5,(anonymous_3)
FNDA:5,(anonymous_4)
FNDA:2,(anonymous_5)
FNDA:2,(anonymous_6)
FNDA:2,(anonymous_7)
FNDA:2,(anonymous_8)
DA:1,3
DA:4,3
DA:5,4
DA:8,4
DA:9,4
DA:10,1
DA:14,3
DA:15,1
DA:19,2
DA:20,2
DA:26,3
DA:27,5
DA:29,5
DA:30,5
DA:31,3
DA:35,2
DA:36,1
DA:40,1
DA:47,3
DA:48,2
DA:50,2
DA:51,2
DA:52,1
DA:55,1
DA:60,3
DA:61,2
DA:63,2
DA:64,2
DA:65,1
DA:68,1
DA:72,3
LF:31
LH:31
BRDA:9,0,0,1
BRDA:9,0,1,3
BRDA:14,1,0,1
BRDA:14,1,1,2
BRDA:30,2,0,3
BRDA:30,2,1,2
BRDA:35,3,0,1
BRDA:35,3,1,1
BRDA:51,4,0,1
BRDA:51,4,1,1
BRDA:64,5,0,1
BRDA:64,5,1,1
BRF:12
BRH:12
end_of_record
TN:
SF:database\database.js
FN:4,(anonymous_0)
FNF:1
FNH:1
FNDA:3,(anonymous_0)
DA:1,3
DA:2,3
DA:4,3
DA:5,3
DA:14,3
DA:24,3
LF:6
LH:6
BRF:0
BRH:0
end_of_record
TN:
SF:rpc\router.js
FN:9,(anonymous_0)
FN:10,(anonymous_1)
FN:18,(anonymous_2)
FN:19,(anonymous_3)
FN:30,(anonymous_4)
FN:31,(anonymous_5)
FN:39,(anonymous_6)
FN:40,(anonymous_7)
FNF:8
FNH:8
FNDA:2,(anonymous_0)
FNDA:2,(anonymous_1)
FNDA:2,(anonymous_2)
FNDA:2,(anonymous_3)
FNDA:2,(anonymous_4)
FNDA:2,(anonymous_5)
FNDA:2,(anonymous_6)
FNDA:2,(anonymous_7)
DA:1,2
DA:2,2
DA:3,2
DA:5,2
DA:7,2
DA:9,2
DA:10,2
DA:11,2
DA:12,1
DA:14,1
DA:18,2
DA:19,2
DA:20,2
DA:22,1
DA:25,1
DA:30,2
DA:31,2
DA:32,2
DA:33,1
DA:35,1
DA:39,2
DA:40,2
DA:41,2
DA:42,1
DA:44,1
DA:48,2
LF:26
LH:26
BRDA:11,0,0,1
BRDA:11,0,1,1
BRDA:20,1,0,1
BRDA:20,1,1,1
BRDA:32,2,0,1
BRDA:32,2,1,1
BRDA:41,3,0,1
BRDA:41,3,1,1
BRF:8
BRH:8
end_of_record
