TN:
SF:app.js
FN:20,(anonymous_0)
FNF:1
FNH:0
FNDA:0,(anonymous_0)
DA:1,2
DA:2,2
DA:3,2
DA:4,2
DA:5,2
DA:6,2
DA:8,2
DA:10,2
DA:13,2
DA:14,2
DA:17,2
DA:20,2
DA:21,0
DA:36,2
LF:14
LH:13
BRF:0
BRH:0
end_of_record
TN:
SF:server.js
FN:6,startServer
FN:8,(anonymous_1)
FN:15,stopServer
FNF:3
FNH:2
FNDA:1,startServer
FNDA:0,(anonymous_1)
FNDA:1,stopServer
DA:1,1
DA:2,1
DA:7,1
DA:8,0
DA:9,0
DA:11,0
DA:16,1
DA:17,0
DA:22,1
DA:23,0
DA:27,1
LF:11
LH:6
BRDA:2,0,0,1
BRDA:2,0,1,1
BRDA:7,1,0,0
BRDA:7,1,1,1
BRDA:16,2,0,0
BRDA:16,2,1,1
BRDA:22,3,0,0
BRDA:22,3,1,1
BRF:8
BRH:5
end_of_record
TN:
SF:controllers\ingredientsController.js
FN:4,(anonymous_0)
FN:10,(anonymous_1)
FN:23,(anonymous_2)
FN:35,(anonymous_3)
FN:40,(anonymous_4)
FN:58,(anonymous_5)
FN:63,(anonymous_6)
FN:75,(anonymous_7)
FN:80,(anonymous_8)
FNF:9
FNH:9
FNDA:6,(anonymous_0)
FNDA:6,(anonymous_1)
FNDA:3,(anonymous_2)
FNDA:4,(anonymous_3)
FNDA:4,(anonymous_4)
FNDA:2,(anonymous_5)
FNDA:2,(anonymous_6)
FNDA:2,(anonymous_7)
FNDA:2,(anonymous_8)
DA:1,4
DA:4,4
DA:5,6
DA:7,6
DA:10,6
DA:11,6
DA:12,1
DA:13,1
DA:17,5
DA:18,2
DA:19,2
DA:23,3
DA:24,3
DA:25,1
DA:26,1
DA:28,2
DA:29,2
DA:35,4
DA:36,4
DA:38,4
DA:40,4
DA:41,4
DA:42,1
DA:43,1
DA:47,3
DA:48,1
DA:49,1
DA:52,2
DA:53,2
DA:58,4
DA:59,2
DA:61,2
DA:63,2
DA:64,2
DA:65,1
DA:66,1
DA:69,1
DA:70,1
DA:75,4
DA:76,2
DA:78,2
DA:80,2
DA:81,2
DA:82,1
DA:83,1
DA:86,1
DA:87,1
DA:91,4
LF:48
LH:48
BRDA:11,0,0,1
BRDA:11,0,1,5
BRDA:17,1,0,2
BRDA:17,1,1,3
BRDA:24,2,0,1
BRDA:24,2,1,2
BRDA:41,3,0,1
BRDA:41,3,1,3
BRDA:47,4,0,1
BRDA:47,4,1,2
BRDA:64,5,0,1
BRDA:64,5,1,1
BRDA:81,6,0,1
BRDA:81,6,1,1
BRF:14
BRH:14
end_of_record
TN:
SF:controllers\userController.js
FN:4,(anonymous_0)
FN:8,(anonymous_1)
FN:19,(anonymous_2)
FN:26,(anonymous_3)
FN:29,(anonymous_4)
FN:47,(anonymous_5)
FN:50,(anonymous_6)
FN:60,(anonymous_7)
FN:63,(anonymous_8)
FNF:9
FNH:9
FNDA:4,(anonymous_0)
FNDA:4,(anonymous_1)
FNDA:1,(anonymous_2)
FNDA:3,(anonymous_3)
FNDA:3,(anonymous_4)
FNDA:3,(anonymous_5)
FNDA:3,(anonymous_6)
FNDA:3,(anonymous_7)
FNDA:3,(anonymous_8)
DA:1,4
DA:4,4
DA:5,4
DA:8,4
DA:9,4
DA:10,1
DA:14,3
DA:15,2
DA:19,1
DA:20,1
DA:26,4
DA:27,3
DA:29,3
DA:30,3
DA:31,1
DA:35,2
DA:36,1
DA:40,1
DA:47,4
DA:48,3
DA:50,3
DA:51,3
DA:52,1
DA:55,2
DA:60,4
DA:61,3
DA:63,3
DA:64,3
DA:65,1
DA:68,2
DA:72,4
LF:31
LH:31
BRDA:9,0,0,1
BRDA:9,0,1,3
BRDA:14,1,0,2
BRDA:14,1,1,1
BRDA:30,2,0,1
BRDA:30,2,1,2
BRDA:35,3,0,1
BRDA:35,3,1,1
BRDA:51,4,0,1
BRDA:51,4,1,2
BRDA:64,5,0,1
BRDA:64,5,1,2
BRF:12
BRH:12
end_of_record
TN:
SF:database\database.js
FN:4,(anonymous_0)
FNF:1
FNH:1
FNDA:6,(anonymous_0)
DA:1,6
DA:2,6
DA:4,6
DA:5,6
DA:14,6
DA:24,6
LF:6
LH:6
BRF:0
BRH:0
end_of_record
TN:
SF:models\User.js
FN:3,(anonymous_0)
FN:4,(anonymous_1)
FN:12,(anonymous_2)
FN:13,(anonymous_3)
FN:21,(anonymous_4)
FN:22,(anonymous_5)
FN:30,(anonymous_6)
FN:31,(anonymous_7)
FN:39,(anonymous_8)
FN:42,(anonymous_9)
FN:48,(anonymous_10)
FNF:11
FNH:11
FNDA:3,(anonymous_0)
FNDA:3,(anonymous_1)
FNDA:3,(anonymous_2)
FNDA:3,(anonymous_3)
FNDA:3,(anonymous_4)
FNDA:3,(anonymous_5)
FNDA:2,(anonymous_6)
FNDA:2,(anonymous_7)
FNDA:3,(anonymous_8)
FNDA:3,(anonymous_9)
FNDA:2,(anonymous_10)
DA:1,3
DA:3,3
DA:4,3
DA:5,3
DA:6,1
DA:8,2
DA:12,3
DA:13,3
DA:14,3
DA:15,1
DA:17,2
DA:21,3
DA:22,3
DA:23,3
DA:24,2
DA:26,1
DA:30,3
DA:31,2
DA:32,2
DA:33,1
DA:35,1
DA:39,3
DA:40,3
DA:42,3
DA:43,3
DA:44,1
DA:46,2
DA:48,2
DA:49,2
DA:50,1
DA:52,1
DA:54,1
DA:59,3
LF:33
LH:33
BRDA:5,0,0,1
BRDA:5,0,1,2
BRDA:14,1,0,1
BRDA:14,1,1,2
BRDA:23,2,0,2
BRDA:23,2,1,1
BRDA:32,3,0,1
BRDA:32,3,1,1
BRDA:43,4,0,1
BRDA:43,4,1,2
BRDA:49,5,0,1
BRDA:49,5,1,1
BRF:12
BRH:12
end_of_record
TN:
SF:rpc\rpcIngr.js
FN:7,(anonymous_0)
FN:8,(anonymous_1)
FN:9,(anonymous_2)
FN:18,(anonymous_3)
FN:19,(anonymous_4)
FN:20,(anonymous_5)
FN:29,(anonymous_6)
FN:30,(anonymous_7)
FN:31,(anonymous_8)
FN:40,(anonymous_9)
FN:41,(anonymous_10)
FN:42,(anonymous_11)
FN:52,(anonymous_12)
FN:54,(anonymous_13)
FNF:14
FNH:14
FNDA:1,(anonymous_0)
FNDA:1,(anonymous_1)
FNDA:1,(anonymous_2)
FNDA:2,(anonymous_3)
FNDA:2,(anonymous_4)
FNDA:2,(anonymous_5)
FNDA:2,(anonymous_6)
FNDA:2,(anonymous_7)
FNDA:2,(anonymous_8)
FNDA:2,(anonymous_9)
FNDA:2,(anonymous_10)
FNDA:2,(anonymous_11)
FNDA:7,(anonymous_12)
FNDA:7,(anonymous_13)
DA:1,3
DA:2,3
DA:3,3
DA:5,3
DA:7,3
DA:8,1
DA:9,1
DA:10,1
DA:11,1
DA:13,0
DA:18,3
DA:19,2
DA:20,2
DA:21,2
DA:22,1
DA:24,1
DA:29,3
DA:30,2
DA:31,2
DA:32,2
DA:33,1
DA:35,1
DA:40,3
DA:41,2
DA:42,2
DA:43,2
DA:44,1
DA:46,1
DA:51,3
DA:52,3
DA:53,7
DA:54,7
DA:55,7
DA:56,7
DA:58,0
DA:63,3
LF:36
LH:34
BRDA:10,0,0,1
BRDA:10,0,1,0
BRDA:21,1,0,1
BRDA:21,1,1,1
BRDA:32,2,0,1
BRDA:32,2,1,1
BRDA:43,3,0,1
BRDA:43,3,1,1
BRDA:55,4,0,7
BRDA:55,4,1,0
BRF:10
BRH:8
end_of_record
TN:
SF:rpc\rpcUser.js
FN:7,(anonymous_0)
FN:8,(anonymous_1)
FN:9,(anonymous_2)
FN:18,(anonymous_3)
FN:19,(anonymous_4)
FN:20,(anonymous_5)
FN:30,(anonymous_6)
FN:31,(anonymous_7)
FN:32,(anonymous_8)
FN:41,(anonymous_9)
FN:42,(anonymous_10)
FN:43,(anonymous_11)
FN:53,(anonymous_12)
FN:55,(anonymous_13)
FNF:14
FNH:14
FNDA:2,(anonymous_0)
FNDA:2,(anonymous_1)
FNDA:2,(anonymous_2)
FNDA:1,(anonymous_3)
FNDA:1,(anonymous_4)
FNDA:1,(anonymous_5)
FNDA:1,(anonymous_6)
FNDA:1,(anonymous_7)
FNDA:1,(anonymous_8)
FNDA:2,(anonymous_9)
FNDA:2,(anonymous_10)
FNDA:2,(anonymous_11)
FNDA:6,(anonymous_12)
FNDA:6,(anonymous_13)
DA:1,3
DA:2,3
DA:3,3
DA:5,3
DA:7,3
DA:8,2
DA:9,2
DA:10,2
DA:11,1
DA:13,1
DA:18,3
DA:19,1
DA:20,1
DA:21,1
DA:22,1
DA:24,1
DA:30,3
DA:31,1
DA:32,1
DA:33,1
DA:34,0
DA:36,1
DA:41,3
DA:42,2
DA:43,2
DA:44,2
DA:45,1
DA:47,1
DA:52,3
DA:53,3
DA:54,6
DA:55,6
DA:56,6
DA:57,6
DA:59,0
DA:64,3
LF:36
LH:34
BRDA:10,0,0,1
BRDA:10,0,1,1
BRDA:21,1,0,1
BRDA:21,1,1,0
BRDA:33,2,0,0
BRDA:33,2,1,1
BRDA:44,3,0,1
BRDA:44,3,1,1
BRDA:56,4,0,6
BRDA:56,4,1,0
BRF:10
BRH:7
end_of_record
